<?xml version="1.0" encoding="UTF-8"?>
<testsuite xmlns:xsi="http://www.w3.org/2001/XMLSchema-instance" xsi:noNamespaceSchemaLocation="https://maven.apache.org/surefire/maven-surefire-plugin/xsd/surefire-test-report.xsd" name="org.acme.testscenario.KogitoScenarioJunitActivatorTest" time="2.823" tests="2" errors="0" skipped="0" failures="0">
  <properties>
[...]
</properties>
  <testcase name="#1: Driver not suspended" classname="org.acme.testscenario.KogitoScenarioJunitActivatorTest" time="2.547"/>
  <testcase name="#2: Driver suspended" classname="org.acme.testscenario.KogitoScenarioJunitActivatorTest" time="0.164"/>
</testsuite>